d:\sf_d_drive\projects\parallelbeamct\pbct.bk\cpuct\x64\debug\vc143.pdb
d:\sf_d_drive\projects\parallelbeamct\pbct.bk\cpuct\x64\debug\vc143.idb
d:\sf_d_drive\projects\parallelbeamct\pbct.bk\cpuct\x64\debug\main.obj
d:\sf_d_drive\projects\parallelbeamct\pbct.bk\x64\debug\cpuct.exe
d:\sf_d_drive\projects\parallelbeamct\pbct.bk\x64\debug\cpuct.pdb
d:\sf_d_drive\projects\parallelbeamct\pbct.bk\cpuct\x64\debug\cpuct.ilk
d:\sf_d_drive\projects\parallelbeamct\pbct.v1\cpuct\x64\debug\main.obj
d:\sf_d_drive\projects\parallelbeamct\pbct.v1\cpuct\x64\debug\cpuct.ilk
d:\sf_d_drive\projects\parallelbeamct\pbct.v1\cpuct\x64\debug\vc143.idb
d:\sf_d_drive\projects\parallelbeamct\pbct.v1\cpuct\x64\debug\vc143.pdb
d:\sf_d_drive\projects\parallelbeamct\pbct.v1\x64\debug\cpuct.pdb
d:\sf_d_drive\projects\parallelbeamct\pbct.v1\x64\debug\cpuct.exe
d:\sf_d_drive\projects\parallelbeamct\pbct.v1\cpuct\x64\debug\cpuct.tlog\cl.command.1.tlog
d:\sf_d_drive\projects\parallelbeamct\pbct.v1\cpuct\x64\debug\cpuct.tlog\cl.items.tlog
d:\sf_d_drive\projects\parallelbeamct\pbct.v1\cpuct\x64\debug\cpuct.tlog\cl.read.1.tlog
d:\sf_d_drive\projects\parallelbeamct\pbct.v1\cpuct\x64\debug\cpuct.tlog\cl.write.1.tlog
d:\sf_d_drive\projects\parallelbeamct\pbct.v1\cpuct\x64\debug\cpuct.tlog\link.command.1.tlog
d:\sf_d_drive\projects\parallelbeamct\pbct.v1\cpuct\x64\debug\cpuct.tlog\link.read.1.tlog
d:\sf_d_drive\projects\parallelbeamct\pbct.v1\cpuct\x64\debug\cpuct.tlog\link.secondary.1.tlog
d:\sf_d_drive\projects\parallelbeamct\pbct.v1\cpuct\x64\debug\cpuct.tlog\link.write.1.tlog
